<html>
<head>
<title>TestNG:  Test</title>
<link href="../testng.css" rel="stylesheet" type="text/css" />
<link href="../my-testng.css" rel="stylesheet" type="text/css" />

<style type="text/css">
.log { display: none;} 
.stack-trace { display: none;} 
</style>
<script type="text/javascript">
<!--
function flip(e) {
  current = e.style.display;
  if (current == 'block') {
    e.style.display = 'none';
    return 0;
  }
  else {
    e.style.display = 'block';
    return 1;
  }
}

function toggleBox(szDivId, elem, msg1, msg2)
{
  var res = -1;  if (document.getElementById) {
    res = flip(document.getElementById(szDivId));
  }
  else if (document.all) {
    // this is the way old msie versions work
    res = flip(document.all[szDivId]);
  }
  if(elem) {
    if(res == 0) elem.innerHTML = msg1; else elem.innerHTML = msg2;
  }

}

function toggleAllBoxes() {
  if (document.getElementsByTagName) {
    d = document.getElementsByTagName('div');
    for (i = 0; i < d.length; i++) {
      if (d[i].className == 'log') {
        flip(d[i]);
      }
    }
  }
}

// -->
</script>

</head>
<body>
<h2 align='center'>Test</h2><table border='1' align="center">
<tr>
<td>Tests passed/Failed/Skipped:</td><td>19/1/2</td>
</tr><tr>
<td>Started on:</td><td>Wed Oct 09 17:22:04 IST 2019</td>
</tr>
<tr><td>Total time:</td><td>80 seconds (80952 ms)</td>
</tr><tr>
<td>Included groups:</td><td></td>
</tr><tr>
<td>Excluded groups:</td><td></td>
</tr>
</table><p/>
<small><i>(Hover the method name to see the test class name)</i></small><p/>
<table width='100%' border='1' class='invocation-failed'>
<tr><td colspan='4' align='center'><b>FAILED CONFIGURATIONS</b></td></tr>
<tr><td><b>Test method</b></td>
<td width="30%"><b>Exception</b></td>
<td width="10%"><b>Time (seconds)</b></td>
<td><b>Instance</b></td>
</tr>
<tr>
<td title='com.Konakart.Testscript.ProductDetails.tearDown()'><b>tearDown</b><br>Test class: com.Konakart.Testscript.ProductDetails<br>Parameters: [TestResult name=clickHeroImage status=FAILURE method=ProductDetails.clickHeroImage()[pri:0, instance:com.Konakart.Testscript.ProductDetails@6895a785] output={null}]</td>
<td><div><pre>java.lang.NullPointerException
	at com.Konakart.Report.ExtentReport.tearDown(ExtentReport.java:44)
	at java.util.ArrayList.forEach(Unknown Source)
... Removed 31 stack frames</pre></div><a href='#' onClick='toggleBox("stack-trace1994085390", this, "Click to show all stack frames", "Click to hide stack frames")'>Click to show all stack frames</a>
<div class='stack-trace' id='stack-trace1994085390'><pre>java.lang.NullPointerException
	at com.Konakart.Report.ExtentReport.tearDown(ExtentReport.java:44)
	at sun.reflect.GeneratedMethodAccessor14.invoke(Unknown Source)
	at sun.reflect.DelegatingMethodAccessorImpl.invoke(Unknown Source)
	at java.lang.reflect.Method.invoke(Unknown Source)
	at org.testng.internal.MethodInvocationHelper.invokeMethod(MethodInvocationHelper.java:133)
	at org.testng.internal.MethodInvocationHelper.invokeMethodConsideringTimeout(MethodInvocationHelper.java:62)
	at org.testng.internal.ConfigInvoker.invokeConfigurationMethod(ConfigInvoker.java:340)
	at org.testng.internal.ConfigInvoker.invokeConfigurations(ConfigInvoker.java:294)
	at org.testng.internal.TestInvoker.runConfigMethods(TestInvoker.java:683)
	at org.testng.internal.TestInvoker.runAfterGroupsConfigurations(TestInvoker.java:658)
	at org.testng.internal.TestInvoker.invokeMethod(TestInvoker.java:642)
	at org.testng.internal.TestInvoker.invokeTestMethod(TestInvoker.java:172)
	at org.testng.internal.MethodRunner.runInSequence(MethodRunner.java:46)
	at org.testng.internal.TestInvoker$MethodInvocationAgent.invoke(TestInvoker.java:804)
	at org.testng.internal.TestInvoker.invokeTestMethods(TestInvoker.java:145)
	at org.testng.internal.TestMethodWorker.invokeTestMethods(TestMethodWorker.java:146)
	at org.testng.internal.TestMethodWorker.run(TestMethodWorker.java:128)
	at java.util.ArrayList.forEach(Unknown Source)
	at org.testng.TestRunner.privateRun(TestRunner.java:770)
	at org.testng.TestRunner.run(TestRunner.java:591)
	at org.testng.SuiteRunner.runTest(SuiteRunner.java:402)
	at org.testng.SuiteRunner.runSequentially(SuiteRunner.java:396)
	at org.testng.SuiteRunner.privateRun(SuiteRunner.java:355)
	at org.testng.SuiteRunner.run(SuiteRunner.java:304)
	at org.testng.SuiteRunnerWorker.runSuite(SuiteRunnerWorker.java:53)
	at org.testng.SuiteRunnerWorker.run(SuiteRunnerWorker.java:96)
	at org.testng.TestNG.runSuitesSequentially(TestNG.java:1180)
	at org.testng.TestNG.runSuitesLocally(TestNG.java:1102)
	at org.testng.TestNG.runSuites(TestNG.java:1032)
	at org.testng.TestNG.run(TestNG.java:1000)
	at org.testng.remote.AbstractRemoteTestNG.run(AbstractRemoteTestNG.java:115)
	at org.testng.remote.RemoteTestNG.initAndRun(RemoteTestNG.java:251)
	at org.testng.remote.RemoteTestNG.main(RemoteTestNG.java:77)
</pre></div></td>
<td>0</td>
<td>com.Konakart.Testscript.ProductDetails@6895a785</td></tr>
</table><p>
<table width='100%' border='1' class='invocation-skipped'>
<tr><td colspan='4' align='center'><b>SKIPPED CONFIGURATIONS</b></td></tr>
<tr><td><b>Test method</b></td>
<td width="30%"><b>Exception</b></td>
<td width="10%"><b>Time (seconds)</b></td>
<td><b>Instance</b></td>
</tr>
<tr>
<td title='com.Konakart.Testscript.ProductDetails.tearDown()'><b>tearDown</b><br>Test class: com.Konakart.Testscript.ProductDetails</td>
<td></td>
<td>-1570622005</td>
<td>com.Konakart.Testscript.ProductDetails@6895a785</td></tr>
<tr>
<td title='com.Konakart.Testscript.ProductDetails.tearDown()'><b>tearDown</b><br>Test class: com.Konakart.Testscript.ProductDetails</td>
<td></td>
<td>-1570622005</td>
<td>com.Konakart.Testscript.ProductDetails@6895a785</td></tr>
</table><p>
<table width='100%' border='1' class='invocation-failed'>
<tr><td colspan='4' align='center'><b>FAILED TESTS</b></td></tr>
<tr><td><b>Test method</b></td>
<td width="30%"><b>Exception</b></td>
<td width="10%"><b>Time (seconds)</b></td>
<td><b>Instance</b></td>
</tr>
<tr>
<td title='com.Konakart.Testscript.ProductDetails.clickHeroImage()'><b>clickHeroImage</b><br>Test class: com.Konakart.Testscript.ProductDetails</td>
<td><div><pre>org.openqa.selenium.NoSuchElementException: no such element: Unable to locate element: {&quot;method&quot;:&quot;xpath&quot;,&quot;selector&quot;:&quot;//picture[@id=&quot;slide-1&quot;]/img&quot;}
  (Session info: chrome=77.0.3865.90)
For documentation on this error, please visit: https://www.seleniumhq.org/exceptions/no_such_element.html
Build info: version: &apos;4.0.0-alpha-2&apos;, revision: &apos;f148142cf8&apos;, time: &apos;2019-07-01T20:55:26&apos;
System info: host: &apos;ATMECSINLT-031&apos;, ip: &apos;55.55.53.159&apos;, os.name: &apos;Windows 10&apos;, os.arch: &apos;amd64&apos;, os.version: &apos;10.0&apos;, java.version: &apos;1.8.0_221&apos;
Driver info: org.openqa.selenium.chrome.ChromeDriver
Capabilities {acceptInsecureCerts: false, browserName: chrome, browserVersion: 77.0.3865.90, chrome: {chromedriverVersion: 76.0.3809.126 (d80a294506b4..., userDataDir: C:\Users\INDIRA~1.SAR\AppDa...}, goog:chromeOptions: {debuggerAddress: localhost:60928}, javascriptEnabled: true, networkConnectionEnabled: false, pageLoadStrategy: normal, platform: XP, platformName: XP, proxy: Proxy(), setWindowRect: true, strictFileInteractability: false, timeouts: {implicit: 0, pageLoad: 300000, script: 30000}, unhandledPromptBehavior: dismiss and notify}
Session ID: 619c00d231f1a4e5e0658b61190cd1e0
*** Element info: {Using=xpath, value=//picture[@id=&quot;slide-1&quot;]/img}
	at org.openqa.selenium.remote.codec.w3c.W3CHttpResponseCodec.createException(W3CHttpResponseCodec.java:191)
	at org.openqa.selenium.remote.codec.w3c.W3CHttpResponseCodec.decode(W3CHttpResponseCodec.java:125)
	at org.openqa.selenium.remote.codec.w3c.W3CHttpResponseCodec.decode(W3CHttpResponseCodec.java:52)
	at org.openqa.selenium.remote.HttpCommandExecutor.execute(HttpCommandExecutor.java:161)
	at org.openqa.selenium.remote.service.DriverCommandExecutor.execute(DriverCommandExecutor.java:83)
	at org.openqa.selenium.remote.RemoteWebDriver.execute(RemoteWebDriver.java:576)
	at org.openqa.selenium.remote.RemoteWebDriver.findElement(RemoteWebDriver.java:327)
	at org.openqa.selenium.remote.RemoteWebDriver.findElementByXPath(RemoteWebDriver.java:445)
	at org.openqa.selenium.By$ByXPath.findElement(By.java:353)
	at org.openqa.selenium.remote.RemoteWebDriver.findElement(RemoteWebDriver.java:319)
	at com.Konakart.Testscript.ProductDetails.clickHeroImage(ProductDetails.java:30)
	at java.util.ArrayList.forEach(Unknown Source)
... Removed 31 stack frames</pre></div><a href='#' onClick='toggleBox("stack-trace1289454852", this, "Click to show all stack frames", "Click to hide stack frames")'>Click to show all stack frames</a>
<div class='stack-trace' id='stack-trace1289454852'><pre>org.openqa.selenium.NoSuchElementException: no such element: Unable to locate element: {&quot;method&quot;:&quot;xpath&quot;,&quot;selector&quot;:&quot;//picture[@id=&quot;slide-1&quot;]/img&quot;}
  (Session info: chrome=77.0.3865.90)
For documentation on this error, please visit: https://www.seleniumhq.org/exceptions/no_such_element.html
Build info: version: &apos;4.0.0-alpha-2&apos;, revision: &apos;f148142cf8&apos;, time: &apos;2019-07-01T20:55:26&apos;
System info: host: &apos;ATMECSINLT-031&apos;, ip: &apos;55.55.53.159&apos;, os.name: &apos;Windows 10&apos;, os.arch: &apos;amd64&apos;, os.version: &apos;10.0&apos;, java.version: &apos;1.8.0_221&apos;
Driver info: org.openqa.selenium.chrome.ChromeDriver
Capabilities {acceptInsecureCerts: false, browserName: chrome, browserVersion: 77.0.3865.90, chrome: {chromedriverVersion: 76.0.3809.126 (d80a294506b4..., userDataDir: C:\Users\INDIRA~1.SAR\AppDa...}, goog:chromeOptions: {debuggerAddress: localhost:60928}, javascriptEnabled: true, networkConnectionEnabled: false, pageLoadStrategy: normal, platform: XP, platformName: XP, proxy: Proxy(), setWindowRect: true, strictFileInteractability: false, timeouts: {implicit: 0, pageLoad: 300000, script: 30000}, unhandledPromptBehavior: dismiss and notify}
Session ID: 619c00d231f1a4e5e0658b61190cd1e0
*** Element info: {Using=xpath, value=//picture[@id=&quot;slide-1&quot;]/img}
	at sun.reflect.NativeConstructorAccessorImpl.newInstance0(Native Method)
	at sun.reflect.NativeConstructorAccessorImpl.newInstance(Unknown Source)
	at sun.reflect.DelegatingConstructorAccessorImpl.newInstance(Unknown Source)
	at java.lang.reflect.Constructor.newInstance(Unknown Source)
	at org.openqa.selenium.remote.codec.w3c.W3CHttpResponseCodec.createException(W3CHttpResponseCodec.java:191)
	at org.openqa.selenium.remote.codec.w3c.W3CHttpResponseCodec.decode(W3CHttpResponseCodec.java:125)
	at org.openqa.selenium.remote.codec.w3c.W3CHttpResponseCodec.decode(W3CHttpResponseCodec.java:52)
	at org.openqa.selenium.remote.HttpCommandExecutor.execute(HttpCommandExecutor.java:161)
	at org.openqa.selenium.remote.service.DriverCommandExecutor.execute(DriverCommandExecutor.java:83)
	at org.openqa.selenium.remote.RemoteWebDriver.execute(RemoteWebDriver.java:576)
	at org.openqa.selenium.remote.RemoteWebDriver.findElement(RemoteWebDriver.java:327)
	at org.openqa.selenium.remote.RemoteWebDriver.findElementByXPath(RemoteWebDriver.java:445)
	at org.openqa.selenium.By$ByXPath.findElement(By.java:353)
	at org.openqa.selenium.remote.RemoteWebDriver.findElement(RemoteWebDriver.java:319)
	at com.Konakart.Testscript.ProductDetails.clickHeroImage(ProductDetails.java:30)
	at sun.reflect.NativeMethodAccessorImpl.invoke0(Native Method)
	at sun.reflect.NativeMethodAccessorImpl.invoke(Unknown Source)
	at sun.reflect.DelegatingMethodAccessorImpl.invoke(Unknown Source)
	at java.lang.reflect.Method.invoke(Unknown Source)
	at org.testng.internal.MethodInvocationHelper.invokeMethod(MethodInvocationHelper.java:133)
	at org.testng.internal.TestInvoker.invokeMethod(TestInvoker.java:584)
	at org.testng.internal.TestInvoker.invokeTestMethod(TestInvoker.java:172)
	at org.testng.internal.MethodRunner.runInSequence(MethodRunner.java:46)
	at org.testng.internal.TestInvoker$MethodInvocationAgent.invoke(TestInvoker.java:804)
	at org.testng.internal.TestInvoker.invokeTestMethods(TestInvoker.java:145)
	at org.testng.internal.TestMethodWorker.invokeTestMethods(TestMethodWorker.java:146)
	at org.testng.internal.TestMethodWorker.run(TestMethodWorker.java:128)
	at java.util.ArrayList.forEach(Unknown Source)
	at org.testng.TestRunner.privateRun(TestRunner.java:770)
	at org.testng.TestRunner.run(TestRunner.java:591)
	at org.testng.SuiteRunner.runTest(SuiteRunner.java:402)
	at org.testng.SuiteRunner.runSequentially(SuiteRunner.java:396)
	at org.testng.SuiteRunner.privateRun(SuiteRunner.java:355)
	at org.testng.SuiteRunner.run(SuiteRunner.java:304)
	at org.testng.SuiteRunnerWorker.runSuite(SuiteRunnerWorker.java:53)
	at org.testng.SuiteRunnerWorker.run(SuiteRunnerWorker.java:96)
	at org.testng.TestNG.runSuitesSequentially(TestNG.java:1180)
	at org.testng.TestNG.runSuitesLocally(TestNG.java:1102)
	at org.testng.TestNG.runSuites(TestNG.java:1032)
	at org.testng.TestNG.run(TestNG.java:1000)
	at org.testng.remote.AbstractRemoteTestNG.run(AbstractRemoteTestNG.java:115)
	at org.testng.remote.RemoteTestNG.initAndRun(RemoteTestNG.java:251)
	at org.testng.remote.RemoteTestNG.main(RemoteTestNG.java:77)
</pre></div></td>
<td>30</td>
<td>com.Konakart.Testscript.ProductDetails@6895a785</td></tr>
</table><p>
<table width='100%' border='1' class='invocation-passed'>
<tr><td colspan='4' align='center'><b>PASSED TESTS</b></td></tr>
<tr><td><b>Test method</b></td>
<td width="30%"><b>Exception</b></td>
<td width="10%"><b>Time (seconds)</b></td>
<td><b>Instance</b></td>
</tr>
<tr>
<td title='com.Konakart.Testscript.ProductOutcome.negativeProductOutcome()'><b>negativeProductOutcome</b><br>Test class: com.Konakart.Testscript.ProductOutcome<br>Parameters: Computer Peripherals, Kindle Fire HD</td>
<td></td>
<td>1</td>
<td>com.Konakart.Testscript.ProductOutcome@48503868</td></tr>
<tr>
<td title='com.Konakart.Testscript.ProductOutcome.negativeProductOutcome()'><b>negativeProductOutcome</b><br>Test class: com.Konakart.Testscript.ProductOutcome<br>Parameters: Computer Peripherals, Galaxy Tab 2</td>
<td></td>
<td>1</td>
<td>com.Konakart.Testscript.ProductOutcome@48503868</td></tr>
<tr>
<td title='com.Konakart.Testscript.ProductOutcome.negativeProductOutcome()'><b>negativeProductOutcome</b><br>Test class: com.Konakart.Testscript.ProductOutcome<br>Parameters: Computer Peripherals, iPad</td>
<td></td>
<td>1</td>
<td>com.Konakart.Testscript.ProductOutcome@48503868</td></tr>
<tr>
<td title='com.Konakart.Testscript.ProductOutcome.negativeProductOutcome()'><b>negativeProductOutcome</b><br>Test class: com.Konakart.Testscript.ProductOutcome<br>Parameters: Software, Bundle Saver</td>
<td></td>
<td>1</td>
<td>com.Konakart.Testscript.ProductOutcome@48503868</td></tr>
<tr>
<td title='com.Konakart.Testscript.ProductOutcome.negativeProductOutcome()'><b>negativeProductOutcome</b><br>Test class: com.Konakart.Testscript.ProductOutcome<br>Parameters: Software, Microsoft Internet Keyboard PS/2</td>
<td></td>
<td>1</td>
<td>com.Konakart.Testscript.ProductOutcome@48503868</td></tr>
<tr>
<td title='com.Konakart.Testscript.ProductOutcome.negativeProductOutcome()'><b>negativeProductOutcome</b><br>Test class: com.Konakart.Testscript.ProductOutcome<br>Parameters: Software, Logitech Illuminated Keyboard</td>
<td></td>
<td>1</td>
<td>com.Konakart.Testscript.ProductOutcome@48503868</td></tr>
<tr>
<td title='com.Konakart.Testscript.ProductOutcome.negativeProductOutcome()'><b>negativeProductOutcome</b><br>Test class: com.Konakart.Testscript.ProductOutcome<br>Parameters: Electronics, Windows 8</td>
<td></td>
<td>1</td>
<td>com.Konakart.Testscript.ProductOutcome@48503868</td></tr>
<tr>
<td title='com.Konakart.Testscript.ProductOutcome.negativeProductOutcome()'><b>negativeProductOutcome</b><br>Test class: com.Konakart.Testscript.ProductOutcome<br>Parameters: Electronics, Office Home and Student 2010</td>
<td></td>
<td>1</td>
<td>com.Konakart.Testscript.ProductOutcome@48503868</td></tr>
<tr>
<td title='com.Konakart.Testscript.ProductOutcome.negativeProductOutcome()'><b>negativeProductOutcome</b><br>Test class: com.Konakart.Testscript.ProductOutcome<br>Parameters: Electronics, KonaKart Manual</td>
<td></td>
<td>1</td>
<td>com.Konakart.Testscript.ProductOutcome@48503868</td></tr>
<tr>
<td title='com.Konakart.Testscript.ProductOutcome.positiveProductOutcome()'><b>positiveProductOutcome</b><br>Test class: com.Konakart.Testscript.ProductOutcome<br>Parameters: Computer Peripherals, Bundle Saver</td>
<td></td>
<td>3</td>
<td>com.Konakart.Testscript.ProductOutcome@48503868</td></tr>
<tr>
<td title='com.Konakart.Testscript.ProductOutcome.positiveProductOutcome()'><b>positiveProductOutcome</b><br>Test class: com.Konakart.Testscript.ProductOutcome<br>Parameters: Computer Peripherals, Microsoft Internet Keyboard PS/2</td>
<td></td>
<td>1</td>
<td>com.Konakart.Testscript.ProductOutcome@48503868</td></tr>
<tr>
<td title='com.Konakart.Testscript.ProductOutcome.positiveProductOutcome()'><b>positiveProductOutcome</b><br>Test class: com.Konakart.Testscript.ProductOutcome<br>Parameters: Computer Peripherals, Logitech Illuminated Keyboard</td>
<td></td>
<td>1</td>
<td>com.Konakart.Testscript.ProductOutcome@48503868</td></tr>
<tr>
<td title='com.Konakart.Testscript.ProductOutcome.positiveProductOutcome()'><b>positiveProductOutcome</b><br>Test class: com.Konakart.Testscript.ProductOutcome<br>Parameters: Software, Windows 8</td>
<td></td>
<td>1</td>
<td>com.Konakart.Testscript.ProductOutcome@48503868</td></tr>
<tr>
<td title='com.Konakart.Testscript.ProductOutcome.positiveProductOutcome()'><b>positiveProductOutcome</b><br>Test class: com.Konakart.Testscript.ProductOutcome<br>Parameters: Software, Office Home and Student 2010</td>
<td></td>
<td>1</td>
<td>com.Konakart.Testscript.ProductOutcome@48503868</td></tr>
<tr>
<td title='com.Konakart.Testscript.ProductOutcome.positiveProductOutcome()'><b>positiveProductOutcome</b><br>Test class: com.Konakart.Testscript.ProductOutcome<br>Parameters: Software, KonaKart Manual</td>
<td></td>
<td>1</td>
<td>com.Konakart.Testscript.ProductOutcome@48503868</td></tr>
<tr>
<td title='com.Konakart.Testscript.ProductOutcome.positiveProductOutcome()'><b>positiveProductOutcome</b><br>Test class: com.Konakart.Testscript.ProductOutcome<br>Parameters: Electronics, Nikon D5100 SLR</td>
<td></td>
<td>1</td>
<td>com.Konakart.Testscript.ProductOutcome@48503868</td></tr>
<tr>
<td title='com.Konakart.Testscript.ProductOutcome.positiveProductOutcome()'><b>positiveProductOutcome</b><br>Test class: com.Konakart.Testscript.ProductOutcome<br>Parameters: Electronics, Kindle Fire HD</td>
<td></td>
<td>1</td>
<td>com.Konakart.Testscript.ProductOutcome@48503868</td></tr>
<tr>
<td title='com.Konakart.Testscript.ProductOutcome.positiveProductOutcome()'><b>positiveProductOutcome</b><br>Test class: com.Konakart.Testscript.ProductOutcome<br>Parameters: Electronics, Galaxy Tab 2</td>
<td></td>
<td>1</td>
<td>com.Konakart.Testscript.ProductOutcome@48503868</td></tr>
<tr>
<td title='com.Konakart.Testscript.ProductOutcome.positiveProductOutcome()'><b>positiveProductOutcome</b><br>Test class: com.Konakart.Testscript.ProductOutcome<br>Parameters: Electronics, iPad</td>
<td></td>
<td>1</td>
<td>com.Konakart.Testscript.ProductOutcome@48503868</td></tr>
</table><p>
<table width='100%' border='1' class='invocation-skipped'>
<tr><td colspan='4' align='center'><b>SKIPPED TESTS</b></td></tr>
<tr><td><b>Test method</b></td>
<td width="30%"><b>Exception</b></td>
<td width="10%"><b>Time (seconds)</b></td>
<td><b>Instance</b></td>
</tr>
<tr>
<td title='com.Konakart.Testscript.ProductDetails.validateProduct1Detail()'><b>validateProduct1Detail</b><br>Test class: com.Konakart.Testscript.ProductDetails</td>
<td><div><pre>java.lang.NullPointerException
	at com.Konakart.Report.ExtentReport.tearDown(ExtentReport.java:44)
	at java.util.ArrayList.forEach(Unknown Source)
... Removed 31 stack frames</pre></div><a href='#' onClick='toggleBox("stack-trace678654833", this, "Click to show all stack frames", "Click to hide stack frames")'>Click to show all stack frames</a>
<div class='stack-trace' id='stack-trace678654833'><pre>java.lang.NullPointerException
	at com.Konakart.Report.ExtentReport.tearDown(ExtentReport.java:44)
	at sun.reflect.GeneratedMethodAccessor14.invoke(Unknown Source)
	at sun.reflect.DelegatingMethodAccessorImpl.invoke(Unknown Source)
	at java.lang.reflect.Method.invoke(Unknown Source)
	at org.testng.internal.MethodInvocationHelper.invokeMethod(MethodInvocationHelper.java:133)
	at org.testng.internal.MethodInvocationHelper.invokeMethodConsideringTimeout(MethodInvocationHelper.java:62)
	at org.testng.internal.ConfigInvoker.invokeConfigurationMethod(ConfigInvoker.java:340)
	at org.testng.internal.ConfigInvoker.invokeConfigurations(ConfigInvoker.java:294)
	at org.testng.internal.TestInvoker.runConfigMethods(TestInvoker.java:683)
	at org.testng.internal.TestInvoker.runAfterGroupsConfigurations(TestInvoker.java:658)
	at org.testng.internal.TestInvoker.invokeMethod(TestInvoker.java:642)
	at org.testng.internal.TestInvoker.invokeTestMethod(TestInvoker.java:172)
	at org.testng.internal.MethodRunner.runInSequence(MethodRunner.java:46)
	at org.testng.internal.TestInvoker$MethodInvocationAgent.invoke(TestInvoker.java:804)
	at org.testng.internal.TestInvoker.invokeTestMethods(TestInvoker.java:145)
	at org.testng.internal.TestMethodWorker.invokeTestMethods(TestMethodWorker.java:146)
	at org.testng.internal.TestMethodWorker.run(TestMethodWorker.java:128)
	at java.util.ArrayList.forEach(Unknown Source)
	at org.testng.TestRunner.privateRun(TestRunner.java:770)
	at org.testng.TestRunner.run(TestRunner.java:591)
	at org.testng.SuiteRunner.runTest(SuiteRunner.java:402)
	at org.testng.SuiteRunner.runSequentially(SuiteRunner.java:396)
	at org.testng.SuiteRunner.privateRun(SuiteRunner.java:355)
	at org.testng.SuiteRunner.run(SuiteRunner.java:304)
	at org.testng.SuiteRunnerWorker.runSuite(SuiteRunnerWorker.java:53)
	at org.testng.SuiteRunnerWorker.run(SuiteRunnerWorker.java:96)
	at org.testng.TestNG.runSuitesSequentially(TestNG.java:1180)
	at org.testng.TestNG.runSuitesLocally(TestNG.java:1102)
	at org.testng.TestNG.runSuites(TestNG.java:1032)
	at org.testng.TestNG.run(TestNG.java:1000)
	at org.testng.remote.AbstractRemoteTestNG.run(AbstractRemoteTestNG.java:115)
	at org.testng.remote.RemoteTestNG.initAndRun(RemoteTestNG.java:251)
	at org.testng.remote.RemoteTestNG.main(RemoteTestNG.java:77)
</pre></div></td>
<td>0</td>
<td>com.Konakart.Testscript.ProductDetails@6895a785</td></tr>
<tr>
<td title='com.Konakart.Testscript.ProductDetails.validateProduct2Detail()'><b>validateProduct2Detail</b><br>Test class: com.Konakart.Testscript.ProductDetails</td>
<td><div><pre>java.lang.NullPointerException
	at com.Konakart.Report.ExtentReport.tearDown(ExtentReport.java:44)
	at java.util.ArrayList.forEach(Unknown Source)
... Removed 31 stack frames</pre></div><a href='#' onClick='toggleBox("stack-trace435034854", this, "Click to show all stack frames", "Click to hide stack frames")'>Click to show all stack frames</a>
<div class='stack-trace' id='stack-trace435034854'><pre>java.lang.NullPointerException
	at com.Konakart.Report.ExtentReport.tearDown(ExtentReport.java:44)
	at sun.reflect.GeneratedMethodAccessor14.invoke(Unknown Source)
	at sun.reflect.DelegatingMethodAccessorImpl.invoke(Unknown Source)
	at java.lang.reflect.Method.invoke(Unknown Source)
	at org.testng.internal.MethodInvocationHelper.invokeMethod(MethodInvocationHelper.java:133)
	at org.testng.internal.MethodInvocationHelper.invokeMethodConsideringTimeout(MethodInvocationHelper.java:62)
	at org.testng.internal.ConfigInvoker.invokeConfigurationMethod(ConfigInvoker.java:340)
	at org.testng.internal.ConfigInvoker.invokeConfigurations(ConfigInvoker.java:294)
	at org.testng.internal.TestInvoker.runConfigMethods(TestInvoker.java:683)
	at org.testng.internal.TestInvoker.runAfterGroupsConfigurations(TestInvoker.java:658)
	at org.testng.internal.TestInvoker.invokeMethod(TestInvoker.java:642)
	at org.testng.internal.TestInvoker.invokeTestMethod(TestInvoker.java:172)
	at org.testng.internal.MethodRunner.runInSequence(MethodRunner.java:46)
	at org.testng.internal.TestInvoker$MethodInvocationAgent.invoke(TestInvoker.java:804)
	at org.testng.internal.TestInvoker.invokeTestMethods(TestInvoker.java:145)
	at org.testng.internal.TestMethodWorker.invokeTestMethods(TestMethodWorker.java:146)
	at org.testng.internal.TestMethodWorker.run(TestMethodWorker.java:128)
	at java.util.ArrayList.forEach(Unknown Source)
	at org.testng.TestRunner.privateRun(TestRunner.java:770)
	at org.testng.TestRunner.run(TestRunner.java:591)
	at org.testng.SuiteRunner.runTest(SuiteRunner.java:402)
	at org.testng.SuiteRunner.runSequentially(SuiteRunner.java:396)
	at org.testng.SuiteRunner.privateRun(SuiteRunner.java:355)
	at org.testng.SuiteRunner.run(SuiteRunner.java:304)
	at org.testng.SuiteRunnerWorker.runSuite(SuiteRunnerWorker.java:53)
	at org.testng.SuiteRunnerWorker.run(SuiteRunnerWorker.java:96)
	at org.testng.TestNG.runSuitesSequentially(TestNG.java:1180)
	at org.testng.TestNG.runSuitesLocally(TestNG.java:1102)
	at org.testng.TestNG.runSuites(TestNG.java:1032)
	at org.testng.TestNG.run(TestNG.java:1000)
	at org.testng.remote.AbstractRemoteTestNG.run(AbstractRemoteTestNG.java:115)
	at org.testng.remote.RemoteTestNG.initAndRun(RemoteTestNG.java:251)
	at org.testng.remote.RemoteTestNG.main(RemoteTestNG.java:77)
</pre></div></td>
<td>0</td>
<td>com.Konakart.Testscript.ProductDetails@6895a785</td></tr>
</table><p>
</body>
</html>