<?xml version="1.0" encoding="UTF-8"?>
<!-- Generated by org.testng.reporters.JUnitXMLReporter -->
<testsuite hostname="ATMECSINLT-031" ignored="3" name="Test" tests="22" failures="1" timestamp="2019-10-09T17:23:25 IST" time="80.952" errors="0">
  <testcase name="@AfterMethod tearDown" time="0.001" classname="com.Konakart.Report.ExtentReport">
    <failure type="java.lang.NullPointerException">
      <![CDATA[java.lang.NullPointerException
at com.Konakart.Report.ExtentReport.tearDown(ExtentReport.java:44)
at java.util.ArrayList.forEach(Unknown Source)
... Removed 31 stack frames]]>
    </failure>
  </testcase> <!-- @AfterMethod tearDown -->
  <testcase name="@AfterMethod tearDown" time="-1.570622005218E9" classname="com.Konakart.Report.ExtentReport">
    <skipped/>
  </testcase> <!-- @AfterMethod tearDown -->
  <testcase name="@AfterMethod tearDown" time="-1.570622005285E9" classname="com.Konakart.Report.ExtentReport">
    <skipped/>
  </testcase> <!-- @AfterMethod tearDown -->
  <testcase name="positiveProductOutcome" time="3.138" classname="com.Konakart.Testscript.ProductOutcome"/>
  <testcase name="positiveProductOutcome" time="1.577" classname="com.Konakart.Testscript.ProductOutcome"/>
  <testcase name="positiveProductOutcome" time="1.417" classname="com.Konakart.Testscript.ProductOutcome"/>
  <testcase name="positiveProductOutcome" time="1.332" classname="com.Konakart.Testscript.ProductOutcome"/>
  <testcase name="positiveProductOutcome" time="1.519" classname="com.Konakart.Testscript.ProductOutcome"/>
  <testcase name="positiveProductOutcome" time="1.416" classname="com.Konakart.Testscript.ProductOutcome"/>
  <testcase name="positiveProductOutcome" time="1.508" classname="com.Konakart.Testscript.ProductOutcome"/>
  <testcase name="positiveProductOutcome" time="1.326" classname="com.Konakart.Testscript.ProductOutcome"/>
  <testcase name="positiveProductOutcome" time="1.467" classname="com.Konakart.Testscript.ProductOutcome"/>
  <testcase name="positiveProductOutcome" time="1.45" classname="com.Konakart.Testscript.ProductOutcome"/>
  <testcase name="negativeProductOutcome" time="1.333" classname="com.Konakart.Testscript.ProductOutcome"/>
  <testcase name="negativeProductOutcome" time="1.216" classname="com.Konakart.Testscript.ProductOutcome"/>
  <testcase name="negativeProductOutcome" time="1.241" classname="com.Konakart.Testscript.ProductOutcome"/>
  <testcase name="negativeProductOutcome" time="1.261" classname="com.Konakart.Testscript.ProductOutcome"/>
  <testcase name="negativeProductOutcome" time="1.323" classname="com.Konakart.Testscript.ProductOutcome"/>
  <testcase name="negativeProductOutcome" time="1.265" classname="com.Konakart.Testscript.ProductOutcome"/>
  <testcase name="negativeProductOutcome" time="1.294" classname="com.Konakart.Testscript.ProductOutcome"/>
  <testcase name="negativeProductOutcome" time="1.34" classname="com.Konakart.Testscript.ProductOutcome"/>
  <testcase name="negativeProductOutcome" time="1.247" classname="com.Konakart.Testscript.ProductOutcome"/>
  <testcase name="clickHeroImage" time="30.111" classname="com.Konakart.Testscript.ProductDetails">
    <failure type="org.openqa.selenium.NoSuchElementException" message="no such element: Unable to locate element: {&amp;quot;method&amp;quot;:&amp;quot;xpath&amp;quot;,&amp;quot;selector&amp;quot;:&amp;quot;//picture[@id=&amp;quot;slide-1&amp;quot;]/img&amp;quot;}
  (Session info: chrome=77.0.3865.90)
For documentation on this error, please visit: https://www.seleniumhq.org/exceptions/no_such_element.html
Build info: version: &amp;apos;4.0.0-alpha-2&amp;apos;, revision: &amp;apos;f148142cf8&amp;apos;, time: &amp;apos;2019-07-01T20:55:26&amp;apos;
System info: host: &amp;apos;ATMECSINLT-031&amp;apos;, ip: &amp;apos;55.55.53.159&amp;apos;, os.name: &amp;apos;Windows 10&amp;apos;, os.arch: &amp;apos;amd64&amp;apos;, os.version: &amp;apos;10.0&amp;apos;, java.version: &amp;apos;1.8.0_221&amp;apos;
Driver info: org.openqa.selenium.chrome.ChromeDriver
Capabilities {acceptInsecureCerts: false, browserName: chrome, browserVersion: 77.0.3865.90, chrome: {chromedriverVersion: 76.0.3809.126 (d80a294506b4..., userDataDir: C:\Users\INDIRA~1.SAR\AppDa...}, goog:chromeOptions: {debuggerAddress: localhost:60928}, javascriptEnabled: true, networkConnectionEnabled: false, pageLoadStrategy: normal, platform: XP, platformName: XP, proxy: Proxy(), setWindowRect: true, strictFileInteractability: false, timeouts: {implicit: 0, pageLoad: 300000, script: 30000}, unhandledPromptBehavior: dismiss and notify}
Session ID: 619c00d231f1a4e5e0658b61190cd1e0
*** Element info: {Using=xpath, value=//picture[@id=&amp;quot;slide-1&amp;quot;]/img}">
      <![CDATA[org.openqa.selenium.NoSuchElementException: no such element: Unable to locate element: {"method":"xpath","selector":"//picture[@id="slide-1"]/img"}
  (Session info: chrome=77.0.3865.90)
For documentation on this error, please visit: https://www.seleniumhq.org/exceptions/no_such_element.html
Build info: version: '4.0.0-alpha-2', revision: 'f148142cf8', time: '2019-07-01T20:55:26'
System info: host: 'ATMECSINLT-031', ip: '55.55.53.159', os.name: 'Windows 10', os.arch: 'amd64', os.version: '10.0', java.version: '1.8.0_221'
Driver info: org.openqa.selenium.chrome.ChromeDriver
Capabilities {acceptInsecureCerts: false, browserName: chrome, browserVersion: 77.0.3865.90, chrome: {chromedriverVersion: 76.0.3809.126 (d80a294506b4..., userDataDir: C:\Users\INDIRA~1.SAR\AppDa...}, goog:chromeOptions: {debuggerAddress: localhost:60928}, javascriptEnabled: true, networkConnectionEnabled: false, pageLoadStrategy: normal, platform: XP, platformName: XP, proxy: Proxy(), setWindowRect: true, strictFileInteractability: false, timeouts: {implicit: 0, pageLoad: 300000, script: 30000}, unhandledPromptBehavior: dismiss and notify}
Session ID: 619c00d231f1a4e5e0658b61190cd1e0
*** Element info: {Using=xpath, value=//picture[@id="slide-1"]/img}
at org.openqa.selenium.remote.codec.w3c.W3CHttpResponseCodec.createException(W3CHttpResponseCodec.java:191)
at org.openqa.selenium.remote.codec.w3c.W3CHttpResponseCodec.decode(W3CHttpResponseCodec.java:125)
at org.openqa.selenium.remote.codec.w3c.W3CHttpResponseCodec.decode(W3CHttpResponseCodec.java:52)
at org.openqa.selenium.remote.HttpCommandExecutor.execute(HttpCommandExecutor.java:161)
at org.openqa.selenium.remote.service.DriverCommandExecutor.execute(DriverCommandExecutor.java:83)
at org.openqa.selenium.remote.RemoteWebDriver.execute(RemoteWebDriver.java:576)
at org.openqa.selenium.remote.RemoteWebDriver.findElement(RemoteWebDriver.java:327)
at org.openqa.selenium.remote.RemoteWebDriver.findElementByXPath(RemoteWebDriver.java:445)
at org.openqa.selenium.By$ByXPath.findElement(By.java:353)
at org.openqa.selenium.remote.RemoteWebDriver.findElement(RemoteWebDriver.java:319)
at com.Konakart.Testscript.ProductDetails.clickHeroImage(ProductDetails.java:30)
at java.util.ArrayList.forEach(Unknown Source)
... Removed 31 stack frames]]>
    </failure>
  </testcase> <!-- clickHeroImage -->
  <testcase name="validateProduct1Detail" time="0.0" classname="com.Konakart.Testscript.ProductDetails">
    <skipped/>
  </testcase> <!-- validateProduct1Detail -->
  <testcase name="validateProduct2Detail" time="0.0" classname="com.Konakart.Testscript.ProductDetails">
    <skipped/>
  </testcase> <!-- validateProduct2Detail -->
  <testcase name="@BeforeTest setup" time="0.0" classname="com.Konakart.BrowserSetup.BrowserSetup">
    <ignored/>
  </testcase> <!-- @BeforeTest setup -->
  <testcase name="@AfterSuite endReport" time="0.0" classname="com.Konakart.BrowserSetup.BrowserSetup">
    <ignored/>
  </testcase> <!-- @AfterSuite endReport -->
  <testcase name="@BeforeSuite startReport" time="0.0" classname="com.Konakart.Report.ExtentReport">
    <ignored/>
  </testcase> <!-- @BeforeSuite startReport -->
</testsuite> <!-- Test -->
